2024-05-19 14:05:00,250 - INFO - Відкриття файлу: example.txt
2024-05-19 14:05:00,250 - ERROR - Файл не знайдено: example.txt
2024-05-19 14:06:06,167 - INFO - Відкриття файлу: example.txt
2024-05-19 14:06:06,168 - INFO - Читання даних з файлу: example.txt
2024-05-19 14:06:06,168 - INFO - Закриття файлу: example.txt
2024-05-19 14:06:59,720 - INFO - Відкриття файлу: example.txt
2024-05-19 14:06:59,720 - INFO - Читання даних з файлу: example.txt
2024-05-19 14:06:59,720 - INFO - Закриття файлу: example.txt
2024-05-19 14:07:28,151 - INFO - Відкриття файлу: example.txt
2024-05-19 14:07:28,151 - INFO - Читання даних з файлу: example.txt
2024-05-19 14:07:28,152 - INFO - Закриття файлу: example.txt
2024-05-19 14:14:14,464 - INFO - Відкриття файлу: example.txt
2024-05-19 14:14:14,470 - INFO - Читання даних з файлу: example.txt
2024-05-19 14:14:14,470 - INFO - Закриття файлу: example.txt
2024-05-19 14:14:28,332 - INFO - Відкриття файлу: example.txt
2024-05-19 14:14:28,333 - INFO - Читання даних з файлу: example.txt
2024-05-19 14:14:28,334 - INFO - Закриття файлу: example.txt
2024-05-19 14:25:15,894 - INFO - Файл example.txt вже існує. Продовження роботи програми.
2024-05-19 14:25:15,894 - INFO - Відкриття файлу: example.txt
2024-05-19 14:25:15,894 - INFO - Читання даних з файлу: example.txt
2024-05-19 14:25:15,894 - INFO - Закриття файлу: example.txt
2024-05-19 14:29:16,304 - INFO - Файл example.txt створено з вмістом.
2024-05-19 14:29:16,304 - INFO - Відкриття файлу: example.txt
2024-05-19 14:29:16,312 - INFO - Читання даних з файлу: example.txt
2024-05-19 14:29:16,312 - INFO - Закриття файлу: example.txt
2024-05-19 14:29:51,709 - INFO - Файл example.txt вже існує. Продовження роботи програми.
2024-05-19 14:29:51,709 - INFO - Відкриття файлу: example.txt
2024-05-19 14:29:51,709 - INFO - Читання даних з файлу: example.txt
2024-05-19 14:29:51,710 - INFO - Закриття файлу: example.txt
2024-05-19 14:29:59,929 - INFO - Файл example.txt створено з вмістом.
2024-05-19 14:29:59,929 - INFO - Відкриття файлу: example.txt
2024-05-19 14:29:59,935 - INFO - Читання даних з файлу: example.txt
2024-05-19 14:29:59,935 - INFO - Закриття файлу: example.txt
2024-05-19 18:04:49,891 - INFO - Файл example.txt вже існує. Продовження роботи програми.
2024-05-19 18:04:49,891 - INFO - Відкриття файлу для запису: example.txt
2024-05-19 18:04:49,891 - INFO - Запис даних у файл: example.txt
2024-05-19 18:04:49,891 - INFO - Закриття файлу після запису: example.txt
2024-05-19 18:04:49,891 - INFO - Відкриття файлу: example.txt
2024-05-19 18:04:49,897 - INFO - Читання даних з файлу: example.txt
2024-05-19 18:04:49,898 - INFO - Закриття файлу: example.txt
2024-05-19 18:04:53,438 - INFO - Файл example.txt вже існує. Продовження роботи програми.
2024-05-19 18:04:53,438 - INFO - Відкриття файлу для запису: example.txt
2024-05-19 18:04:53,439 - INFO - Запис даних у файл: example.txt
2024-05-19 18:04:53,439 - INFO - Закриття файлу після запису: example.txt
2024-05-19 18:04:53,439 - INFO - Відкриття файлу: example.txt
2024-05-19 18:04:53,445 - INFO - Читання даних з файлу: example.txt
2024-05-19 18:04:53,445 - INFO - Закриття файлу: example.txt
2024-05-19 18:04:54,986 - INFO - Файл example.txt вже існує. Продовження роботи програми.
2024-05-19 18:04:54,987 - INFO - Відкриття файлу для запису: example.txt
2024-05-19 18:04:54,987 - INFO - Запис даних у файл: example.txt
2024-05-19 18:04:54,987 - INFO - Закриття файлу після запису: example.txt
2024-05-19 18:04:54,987 - INFO - Відкриття файлу: example.txt
2024-05-19 18:04:54,992 - INFO - Читання даних з файлу: example.txt
2024-05-19 18:04:54,993 - INFO - Закриття файлу: example.txt
2024-05-19 18:05:21,472 - INFO - Файл example.txt вже існує. Продовження роботи програми.
2024-05-19 18:05:25,285 - INFO - Відкриття файлу для запису: example.txt
2024-05-19 18:05:25,285 - INFO - Запис даних у файл: example.txt
2024-05-19 18:05:25,286 - INFO - Закриття файлу після запису: example.txt
2024-05-19 18:05:25,286 - INFO - Відкриття файлу: example.txt
2024-05-19 18:05:25,291 - INFO - Читання даних з файлу: example.txt
2024-05-19 18:05:25,291 - INFO - Закриття файлу: example.txt
2024-05-19 18:07:46,654 - INFO - Файл example.txt вже існує. Продовження роботи програми.
2024-05-19 18:07:49,254 - INFO - Відкриття файлу для запису: example.txt
2024-05-19 18:07:49,254 - INFO - Запис даних у файл: example.txt
2024-05-19 18:07:49,254 - INFO - Закриття файлу після запису: example.txt
2024-05-19 18:07:49,254 - INFO - Відкриття файлу: example.txt
2024-05-19 18:07:49,259 - INFO - Читання даних з файлу: example.txt
2024-05-19 18:07:49,260 - INFO - Закриття файлу: example.txt
2024-05-19 18:07:57,423 - INFO - Файл example.txt вже існує. Продовження роботи програми.
2024-05-19 18:08:01,743 - INFO - Відкриття файлу для запису: example.txt
2024-05-19 18:08:01,743 - INFO - Запис даних у файл: example.txt
2024-05-19 18:08:01,743 - INFO - Закриття файлу після запису: example.txt
2024-05-19 18:08:01,744 - INFO - Відкриття файлу: example.txt
2024-05-19 18:08:01,748 - INFO - Читання даних з файлу: example.txt
2024-05-19 18:08:01,749 - INFO - Закриття файлу: example.txt
2024-05-19 18:09:43,712 - INFO - Файл example.txt вже існує. Продовження роботи програми.
2024-05-19 18:09:43,712 - INFO - Відкриття файлу: example.txt
2024-05-19 18:09:43,712 - INFO - Читання даних з файлу: example.txt
2024-05-19 18:09:43,712 - INFO - Закриття файлу: example.txt
2024-05-19 18:09:47,525 - INFO - Файл example.txt вже існує. Продовження роботи програми.
2024-05-19 18:09:47,525 - INFO - Відкриття файлу: example.txt
2024-05-19 18:09:47,525 - INFO - Читання даних з файлу: example.txt
2024-05-19 18:09:47,525 - INFO - Закриття файлу: example.txt
2024-05-19 18:09:48,716 - INFO - Файл example.txt вже існує. Продовження роботи програми.
2024-05-19 18:09:48,716 - INFO - Відкриття файлу: example.txt
2024-05-19 18:09:48,717 - INFO - Читання даних з файлу: example.txt
2024-05-19 18:09:48,717 - INFO - Закриття файлу: example.txt
2024-05-19 18:09:49,899 - INFO - Файл example.txt вже існує. Продовження роботи програми.
2024-05-19 18:09:49,900 - INFO - Відкриття файлу: example.txt
2024-05-19 18:09:49,900 - INFO - Читання даних з файлу: example.txt
2024-05-19 18:09:49,900 - INFO - Закриття файлу: example.txt
2024-05-19 18:09:54,548 - INFO - Файл example.txt вже існує. Продовження роботи програми.
2024-05-19 18:09:54,549 - INFO - Відкриття файлу: example.txt
2024-05-19 18:09:54,549 - INFO - Читання даних з файлу: example.txt
2024-05-19 18:09:54,549 - INFO - Закриття файлу: example.txt
2024-05-19 18:10:13,069 - INFO - Файл example.txt вже існує. Продовження роботи програми.
2024-05-19 18:10:13,070 - INFO - Відкриття файлу: example.txt
2024-05-19 18:10:13,070 - INFO - Читання даних з файлу: example.txt
2024-05-19 18:10:13,070 - INFO - Закриття файлу: example.txt
